<?xml version="1.0" encoding="UTF-8"?>
<testng-results skipped="0" failed="0" ignored="6" total="7" passed="1">
  <reporter-output>
  </reporter-output>
  <suite name="Default suite" duration-ms="21060" started-at="2019-12-07T22:56:40 IST" finished-at="2019-12-07T22:57:01 IST">
    <groups>
    </groups>
    <test name="Default test" duration-ms="21060" started-at="2019-12-07T22:56:40 IST" finished-at="2019-12-07T22:57:01 IST">
      <class name="mouseOperations.MouseOperations">
        <test-method status="PASS" signature="setup()[pri:0, instance:mouseOperations.MouseOperations@63e2203c]" name="setup" is-config="true" duration-ms="11493" started-at="2019-12-07T22:56:40 IST" finished-at="2019-12-07T22:56:51 IST">
          <reporter-output>
          </reporter-output>
        </test-method> <!-- setup -->
        <test-method status="PASS" signature="autoSuggestion()[pri:7, instance:mouseOperations.MouseOperations@63e2203c]" name="autoSuggestion" duration-ms="9454" started-at="2019-12-07T22:56:51 IST" finished-at="2019-12-07T22:57:01 IST">
          <reporter-output>
          </reporter-output>
        </test-method> <!-- autoSuggestion -->
        <test-method status="PASS" signature="tearDown()[pri:0, instance:mouseOperations.MouseOperations@63e2203c]" name="tearDown" is-config="true" duration-ms="1" started-at="2019-12-07T22:57:01 IST" finished-at="2019-12-07T22:57:01 IST">
          <reporter-output>
          </reporter-output>
        </test-method> <!-- tearDown -->
      </class> <!-- mouseOperations.MouseOperations -->
    </test> <!-- Default test -->
  </suite> <!-- Default suite -->
</testng-results>
