<?xml version="1.0" encoding="UTF-8"?>
<!-- Generated by org.testng.reporters.JUnitXMLReporter -->
<testsuite hostname="DESKTOP-27L8JE7" ignored="6" name="Default test" tests="1" failures="0" timestamp="2019-12-07T22:57:01 IST" time="21.06" errors="0">
  <testcase name="autoSuggestion" time="9.454" classname="mouseOperations.MouseOperations"/>
  <testcase name="MoveToelement" time="0.0" classname="mouseOperations.MouseOperations">
    <ignored/>
  </testcase> <!-- MoveToelement -->
  <testcase name="dragAnddrop" time="0.0" classname="mouseOperations.MouseOperations">
    <ignored/>
  </testcase> <!-- dragAnddrop -->
  <testcase name="rightClickMethod" time="0.0" classname="mouseOperations.MouseOperations">
    <ignored/>
  </testcase> <!-- rightClickMethod -->
  <testcase name="resizeMethod" time="0.0" classname="mouseOperations.MouseOperations">
    <ignored/>
  </testcase> <!-- resizeMethod -->
  <testcase name="slider" time="0.0" classname="mouseOperations.MouseOperations">
    <ignored/>
  </testcase> <!-- slider -->
  <testcase name="Browserslider" time="0.0" classname="mouseOperations.MouseOperations">
    <ignored/>
  </testcase> <!-- Browserslider -->
</testsuite> <!-- Default test -->
