<?xml version="1.0" encoding="UTF-8"?>
<!-- Generated by org.testng.reporters.JUnitXMLReporter -->
<testsuite hostname="DESKTOP-AA4AD8I" ignored="0" name="FirefoxTest" tests="4" failures="0" timestamp="24 Nov 2019 17:19:38 GMT" time="85.807" errors="0">
  <testcase name="checkboxTest" time="0.687" classname="com.project.NovemberNewWeekendBatch.CheckBox1"/>
  <testcase name="linktesting1" time="1.486" classname="com.project.NovemberNewWeekendBatch.LinksTesting1"/>
  <testcase name="RadioButtonTest" time="0.411" classname="com.project.NovemberNewWeekendBatch.RadioButton1"/>
  <testcase name="amazon" time="6.503" classname="com.project.NovemberNewWeekendBatch.TC_007"/>
</testsuite> <!-- FirefoxTest -->
